10:32:19 **** Incremental Build of configuration Debug for project nucleo_mpu6050 ****
make -j16 all 
docker pull microros/micro_ros_static_library_builder:humble && docker run --rm -v /home/waritt/imu_force_ws_main/firmware/nucleo_mpu6050:/project --env MICROROS_LIBRARY_FOLDER=micro_ros_stm32cubemx_utils/microros_static_library_ide microros/micro_ros_static_library_builder:humble
humble: Pulling from microros/micro_ros_static_library_builder
Digest: sha256:83ab4e8ce95b2a62feb5dd270ad4460218d2d026a455ea32a5873cf629aa1e99
Status: Image is up to date for microros/micro_ros_static_library_builder:humble
docker.io/microros/micro_ros_static_library_builder:humble
dos2unix: /project/micro_ros_stm32cubemx_utils/microros_static_library_ide/library_generation/library_generation.sh: No such file or directory
dos2unix: Skipping /project/micro_ros_stm32cubemx_utils/microros_static_library_ide/library_generation/library_generation.sh, not a regular file.
make[1]: *** [makefile:89: pre-build] Error 2
make: *** [makefile:62: all] Error 2
"make -j16 all" terminated with exit code 2. Build might be incomplete.

10:32:23 Build Failed. 2 errors, 0 warnings. (took 4s.236ms)

